trunk/proguard-project.txt
# To enable ProGuard in your project, edit project.properties
# to define the proguard.config property as described in that file.
#
# Add project specific ProGuard rules here.
# By default, the flags in this file are appended to flags specified
# in ${sdk.dir}/tools/proguard/proguard-android.txt
# You can edit the include path and order by changing the ProGuard
# include property in project.properties.
#
# For more details, see
#   http://developer.android.com/guide/developing/tools/proguard.html

# Add any project specific keep options here:

# If your project uses WebView with JS, uncomment the following
# and specify the fully qualified class name to the JavaScript interface
# class:
#-keepclassmembers class fqcn.of.javascript.interface.for.webview {
#   public *;
#}

# Needed by google-api-client to keep generic types
# and @Key annotations accessed via reflection
-keepclassmembers class * {
   @com.google.api.client.util.Key <fields>;
}
-keepattributes Signature,RuntimeVisibleAnnotations,AnnotationDefault

-keep class com.google.api.services.*.model.*

-keep class com.google.api.client.**


# Needed by Guava
-dontwarn sun.misc.Unsafe

# See https://groups.google.com/forum/#!topic/guava-discuss/YCZzeCiIVoI
-dontwarn com.google.common.collect.MinMaxPriorityQueue

-dontoptimize
-dontobfuscate