trunk/proguard/seeds.txt
daniel.stanciu.quicktasks.MyLinearLayout
daniel.stanciu.quicktasks.MyLinearLayout: MyLinearLayout(android.content.Context,android.util.AttributeSet)
daniel.stanciu.quicktasks.MyLinearLayout: MyLinearLayout(android.content.Context)
daniel.stanciu.quicktasks.MyScrollView
daniel.stanciu.quicktasks.MyScrollView: MyScrollView(android.content.Context,android.util.AttributeSet,int)
daniel.stanciu.quicktasks.MyScrollView: MyScrollView(android.content.Context,android.util.AttributeSet)
daniel.stanciu.quicktasks.MyScrollView: MyScrollView(android.content.Context)
daniel.stanciu.quicktasks.MyScrollView: void setActivity(daniel.stanciu.quicktasks.QuickTasksActivity)
daniel.stanciu.quicktasks.MyScrollView: void setDoNotIntercept(boolean)
daniel.stanciu.quicktasks.MyTextView
daniel.stanciu.quicktasks.MyTextView: MyTextView(android.content.Context)
daniel.stanciu.quicktasks.MyTextView: MyTextView(android.content.Context,android.util.AttributeSet,int)
daniel.stanciu.quicktasks.MyTextView: MyTextView(android.content.Context,android.util.AttributeSet)
daniel.stanciu.quicktasks.MyTextView: void setActivity(daniel.stanciu.quicktasks.QuickTasksActivity)
daniel.stanciu.quicktasks.MyTextView: void setArrayAdapter(daniel.stanciu.quicktasks.MyArrayAdapter)
daniel.stanciu.quicktasks.QuickTasksActivity
daniel.stanciu.quicktasks.R$drawable: int delete_color
daniel.stanciu.quicktasks.R$drawable: int ic_action_delete
daniel.stanciu.quicktasks.R$drawable: int ic_action_sync
daniel.stanciu.quicktasks.R$drawable: int ic_action_user
daniel.stanciu.quicktasks.R$drawable: int ic_launcher
daniel.stanciu.quicktasks.R$drawable: int marked_color
daniel.stanciu.quicktasks.R$drawable: int normal_task_color
daniel.stanciu.quicktasks.R$id: int addItemButton
daniel.stanciu.quicktasks.R$id: int delete_done_item
daniel.stanciu.quicktasks.R$id: int listEdit
daniel.stanciu.quicktasks.R$id: int listText
daniel.stanciu.quicktasks.R$id: int mainViewLayout1
daniel.stanciu.quicktasks.R$id: int mainViewLayout2
daniel.stanciu.quicktasks.R$id: int newItemText
daniel.stanciu.quicktasks.R$id: int switch_acc_item
daniel.stanciu.quicktasks.R$id: int sync_item
daniel.stanciu.quicktasks.R$id: int taskCheckBox
daniel.stanciu.quicktasks.R$id: int taskEdit
daniel.stanciu.quicktasks.R$id: int taskText
daniel.stanciu.quicktasks.R$id: int taskView
daniel.stanciu.quicktasks.R$id: int taskViewSelected
daniel.stanciu.quicktasks.R$id: int viewSwitcher
daniel.stanciu.quicktasks.R$layout: int listview
daniel.stanciu.quicktasks.R$layout: int listviewselected
daniel.stanciu.quicktasks.R$layout: int main
daniel.stanciu.quicktasks.R$layout: int taskview
daniel.stanciu.quicktasks.R$layout: int taskviewdone
daniel.stanciu.quicktasks.R$layout: int taskviewselected
daniel.stanciu.quicktasks.R$menu: int main_menu
daniel.stanciu.quicktasks.R$string: int add_desc
daniel.stanciu.quicktasks.R$string: int app_name
daniel.stanciu.quicktasks.R$string: int delete_done_item
daniel.stanciu.quicktasks.R$string: int empty_item_title
daniel.stanciu.quicktasks.R$string: int hello
daniel.stanciu.quicktasks.R$string: int no_network
daniel.stanciu.quicktasks.R$string: int switch_acc_item
daniel.stanciu.quicktasks.R$string: int sync_item
daniel.stanciu.quicktasks.ViewType: daniel.stanciu.quicktasks.ViewType[] values()
daniel.stanciu.quicktasks.ViewType: daniel.stanciu.quicktasks.ViewType valueOf(java.lang.String)
...
com.google.api.client.http.json.JsonHttpClient$Builder
com.google.api.client.http.json.JsonHttpContent
com.google.api.client.http.json.JsonHttpParser
com.google.api.client.http.json.JsonHttpParser$Builder
com.google.api.client.http.json.JsonHttpRequest
com.google.api.client.http.json.JsonHttpRequestInitializer
com.google.api.client.http.protobuf.ProtoHttpContent
com.google.api.client.http.protobuf.ProtoHttpParser
com.google.api.client.http.protobuf.ProtoHttpParser$Builder
com.google.api.client.http.xml.AbstractXmlHttpContent
com.google.api.client.http.xml.XmlHttpContent
com.google.api.client.http.xml.XmlHttpParser
com.google.api.client.http.xml.XmlHttpParser$Builder
com.google.api.client.http.xml.atom.AtomContent
com.google.api.client.http.xml.atom.AtomFeedParser
com.google.api.client.http.xml.atom.AtomParser
com.google.api.client.json.CustomizeJsonParser
com.google.api.client.json.GenericJson
com.google.api.client.json.Json
com.google.api.client.json.JsonEncoding
com.google.api.client.json.JsonEncoding: com.google.api.client.json.JsonEncoding[] values()
com.google.api.client.json.JsonEncoding: com.google.api.client.json.JsonEncoding valueOf(java.lang.String)
com.google.api.client.json.JsonFactory
com.google.api.client.json.JsonGenerator
com.google.api.client.json.JsonParser
com.google.api.client.json.JsonParser$1
com.google.api.client.json.JsonString
com.google.api.client.json.JsonToken
com.google.api.client.json.JsonToken: com.google.api.client.json.JsonToken[] values()
com.google.api.client.json.JsonToken: com.google.api.client.json.JsonToken valueOf(java.lang.String)
com.google.api.client.json.gson.GsonFactory
com.google.api.client.json.gson.GsonGenerator
com.google.api.client.json.gson.GsonGenerator$StringNumber
com.google.api.client.json.gson.GsonParser
com.google.api.client.json.gson.GsonParser$1
com.google.api.client.json.jackson.JacksonFactory
com.google.api.client.json.jackson.JacksonFactory$1
com.google.api.client.json.jackson.JacksonGenerator
com.google.api.client.json.jackson.JacksonParser
com.google.api.client.json.rpc2.JsonRpcRequest
com.google.api.client.json.rpc2.JsonRpcRequest: java.lang.String jsonrpc
com.google.api.client.json.rpc2.JsonRpcRequest: java.lang.Object id
com.google.api.client.json.rpc2.JsonRpcRequest: java.lang.String method
com.google.api.client.json.rpc2.JsonRpcRequest: java.lang.Object params
com.google.api.client.protobuf.ProtocolBuffers
com.google.api.client.repackaged.org.apache.commons.codec.BinaryDecoder
com.google.api.client.repackaged.org.apache.commons.codec.BinaryEncoder
com.google.api.client.repackaged.org.apache.commons.codec.Decoder
com.google.api.client.repackaged.org.apache.commons.codec.DecoderException
com.google.api.client.repackaged.org.apache.commons.codec.Encoder
com.google.api.client.repackaged.org.apache.commons.codec.EncoderException
com.google.api.client.repackaged.org.apache.commons.codec.binary.Base64
com.google.api.client.repackaged.org.apache.commons.codec.binary.BaseNCodec
com.google.api.client.repackaged.org.apache.commons.codec.binary.StringUtils
com.google.api.client.testing.http.HttpTesting
com.google.api.client.testing.http.MockHttpContent
com.google.api.client.testing.http.MockHttpTransport
com.google.api.client.testing.http.MockHttpTransport$Builder
com.google.api.client.testing.http.MockHttpUnsuccessfulResponseHandler
com.google.api.client.testing.http.MockLowLevelHttpRequest
com.google.api.client.testing.http.MockLowLevelHttpResponse
com.google.api.client.testing.json.AbstractJsonFactoryTest
com.google.api.client.testing.json.AbstractJsonFactoryTest$A
com.google.api.client.testing.json.AbstractJsonFactoryTest$A: java.util.Map map