trunk/proguard/usage.txt
daniel.stanciu.quicktasks.BuildConfig
daniel.stanciu.quicktasks.ClientCredentials
daniel.stanciu.quicktasks.GoogleTasksSyncResult:
    public static final int OK
    public static final int RETRY
    public static final int FAILED
daniel.stanciu.quicktasks.GoogleTasksUtils:
    private static final java.lang.String AUTH_TOKEN_TYPE
    public static final java.lang.String PREF_ACCOUNT_NAME
    public static final java.lang.String PREF_AUTH_TOKEN
daniel.stanciu.quicktasks.MyArrayAdapter:
    public static final int ITEM_TYPE_LIST
    public static final int ITEM_TYPE_TASK
    public static final int ITEM_TYPE_UNKNOWN
    public static final int ITEM_TYPE_SELECTED_TASK
    public static final int ITEM_TYPE_SELECTED_LIST
daniel.stanciu.quicktasks.MyGestureDetector:
    private static final int SHOW_PRESS
    private static final int LONG_PRESS
    private static final int TAP
    303:304:public MyGestureDetector(daniel.stanciu.quicktasks.MyGestureDetector$OnGestureListener,android.os.Handler)
    321:322:public MyGestureDetector(daniel.stanciu.quicktasks.MyGestureDetector$OnGestureListener)
    336:337:public MyGestureDetector(android.content.Context,daniel.stanciu.quicktasks.MyGestureDetector$OnGestureListener)
    352:354:public MyGestureDetector(android.content.Context,daniel.stanciu.quicktasks.MyGestureDetector$OnGestureListener,android.os.Handler)
    432:433:public void setIsLongpressEnabled(boolean)
    439:439:public boolean isLongpressEnabled()
daniel.stanciu.quicktasks.MyGestureDetector$SimpleOnGestureListener
daniel.stanciu.quicktasks.MyTask:
    public static final java.lang.String STATUS_COMPLETED
    public static final java.lang.String NEEDS_ACTION
daniel.stanciu.quicktasks.MyTextView:
    private static final int DELETE_THRESHOLD
daniel.stanciu.quicktasks.QuickTasksActivity:
    private static final java.lang.String VIEWING_LISTS_PREF
    private static final java.lang.String LIST_ID_PREF
    public static final int REQUEST_AUTHENTICATE
    public static final int REQUEST_AUTHENTICATE_EXCEPTION
    protected static final java.lang.String TAG
daniel.stanciu.quicktasks.R
daniel.stanciu.quicktasks.R$attr
daniel.stanciu.quicktasks.R$drawable
daniel.stanciu.quicktasks.R$id
daniel.stanciu.quicktasks.R$layout
daniel.stanciu.quicktasks.R$menu
daniel.stanciu.quicktasks.R$string
daniel.stanciu.quicktasks.db.TasksOpenHelper:
    public static final java.lang.String DATABASE_NAME
    public static final int DATABASE_VERSION
    public static final java.lang.String TASKLISTS_TABLE_NAME
    public static final java.lang.String LISTS_ID_COLUMN
    public static final java.lang.String LISTS_INTERNAL_ID_COLUMN
    public static final java.lang.String LISTS_TITLE_COLUMN
    public static final java.lang.String LISTS_DIRTY_COLUMN
    public static final java.lang.String LISTS_DELETED_COLUMN
    public static final java.lang.String TASKLISTS_TABLE_CREATE
    public static final java.lang.String TASKS_TABLE_NAME
    public static final java.lang.String TASKS_ID_COLUMN
    public static final java.lang.String TASKS_CHECKED_COLUMN
    public static final java.lang.String TASKS_TITLE_COLUMN
    public static final java.lang.String TASKS_LIST_ID_COLUMN
    public static final java.lang.String TASKS_INTERNAL_ID_COLUMN
    public static final java.lang.String TASKS_DIRTY_COLUMN
    public static final java.lang.String TASKS_DELETED_COLUMN
    public static final java.lang.String TASKS_TABLE_CREATE
...
com.google.protobuf.DescriptorProtos$EnumValueDescriptorProto
com.google.protobuf.DescriptorProtos$EnumValueDescriptorProto$Builder
com.google.protobuf.DescriptorProtos$EnumValueOptions
com.google.protobuf.DescriptorProtos$EnumValueOptions$Builder
com.google.protobuf.DescriptorProtos$FieldDescriptorProto
com.google.protobuf.DescriptorProtos$FieldDescriptorProto$Builder
com.google.protobuf.DescriptorProtos$FieldDescriptorProto$Label
com.google.protobuf.DescriptorProtos$FieldDescriptorProto$Label$1
com.google.protobuf.DescriptorProtos$FieldDescriptorProto$Type
com.google.protobuf.DescriptorProtos$FieldDescriptorProto$Type$1
com.google.protobuf.DescriptorProtos$FieldOptions
com.google.protobuf.DescriptorProtos$FieldOptions$Builder
com.google.protobuf.DescriptorProtos$FieldOptions$CType
com.google.protobuf.DescriptorProtos$FieldOptions$CType$1
com.google.protobuf.DescriptorProtos$FileDescriptorProto
com.google.protobuf.DescriptorProtos$FileDescriptorProto$Builder
com.google.protobuf.DescriptorProtos$FileDescriptorSet
com.google.protobuf.DescriptorProtos$FileDescriptorSet$Builder
com.google.protobuf.DescriptorProtos$FileOptions
com.google.protobuf.DescriptorProtos$FileOptions$Builder
com.google.protobuf.DescriptorProtos$FileOptions$OptimizeMode
com.google.protobuf.DescriptorProtos$FileOptions$OptimizeMode$1
com.google.protobuf.DescriptorProtos$MessageOptions
com.google.protobuf.DescriptorProtos$MessageOptions$Builder
com.google.protobuf.DescriptorProtos$MethodDescriptorProto
com.google.protobuf.DescriptorProtos$MethodDescriptorProto$Builder
com.google.protobuf.DescriptorProtos$MethodOptions
com.google.protobuf.DescriptorProtos$MethodOptions$Builder
com.google.protobuf.DescriptorProtos$ServiceDescriptorProto
com.google.protobuf.DescriptorProtos$ServiceDescriptorProto$Builder
com.google.protobuf.DescriptorProtos$ServiceOptions
com.google.protobuf.DescriptorProtos$ServiceOptions$Builder
com.google.protobuf.DescriptorProtos$UninterpretedOption
com.google.protobuf.DescriptorProtos$UninterpretedOption$Builder
com.google.protobuf.DescriptorProtos$UninterpretedOption$NamePart
com.google.protobuf.DescriptorProtos$UninterpretedOption$NamePart$Builder
com.google.protobuf.Descriptors
com.google.protobuf.Descriptors$1
com.google.protobuf.Descriptors$Descriptor
com.google.protobuf.Descriptors$DescriptorPool
com.google.protobuf.Descriptors$DescriptorPool$DescriptorIntPair
com.google.protobuf.Descriptors$DescriptorPool$PackageDescriptor
com.google.protobuf.Descriptors$DescriptorValidationException
com.google.protobuf.Descriptors$EnumDescriptor
com.google.protobuf.Descriptors$EnumValueDescriptor
com.google.protobuf.Descriptors$FieldDescriptor
com.google.protobuf.Descriptors$FieldDescriptor$JavaType
com.google.protobuf.Descriptors$FieldDescriptor$Type
com.google.protobuf.Descriptors$FileDescriptor
com.google.protobuf.Descriptors$FileDescriptor$InternalDescriptorAssigner
com.google.protobuf.Descriptors$GenericDescriptor
com.google.protobuf.Descriptors$MethodDescriptor
com.google.protobuf.Descriptors$ServiceDescriptor
com.google.protobuf.DynamicMessage
com.google.protobuf.DynamicMessage$1
com.google.protobuf.DynamicMessage$Builder
com.google.protobuf.ExtensionRegistry
com.google.protobuf.ExtensionRegistry$1
com.google.protobuf.ExtensionRegistry$DescriptorIntPair
com.google.protobuf.ExtensionRegistry$ExtensionInfo
com.google.protobuf.ExtensionRegistryLite
com.google.protobuf.ExtensionRegistryLite$ObjectIntPair
com.google.protobuf.FieldSet
com.google.protobuf.FieldSet$1
com.google.protobuf.FieldSet$FieldDescriptorLite
com.google.protobuf.GeneratedMessage
com.google.protobuf.GeneratedMessage$1
com.google.protobuf.GeneratedMessage$Builder
com.google.protobuf.GeneratedMessage$ExtendableBuilder
com.google.protobuf.GeneratedMessage$ExtendableMessage
com.google.protobuf.GeneratedMessage$ExtendableMessage$ExtensionWriter
com.google.protobuf.GeneratedMessage$FieldAccessorTable